<?xml version="1.0" encoding="UTF-8"?>
<!-- Generated by org.testng.reporters.JUnitReportReporter -->
<testsuite skipped="0" hostname="LAPTOP-EMIQ8BEQ" name="com.TekArch.TestCases.TekArchFileUploadTest" tests="1" failures="0" timestamp="2020-10-19T12:55:31 PDT" time="4.714" errors="0">
  <testcase name="TekArchCalculator" time="4.714" classname="com.TekArch.TestCases.TekArchFileUploadTest"/>
  <system-out/>
</testsuite> <!-- com.TekArch.TestCases.TekArchFileUploadTest -->
