<?xml version="1.0" encoding="UTF-8"?>
<!-- Generated by org.testng.reporters.JUnitReportReporter -->
<testsuite skipped="0" hostname="LAPTOP-EMIQ8BEQ" name="com.TekArch.TestCases.TekArchloginTest" tests="1" failures="0" timestamp="2020-10-19T14:24:46 PDT" time="1.604" errors="0">
  <testcase name="loginTekArch" time="1.604" classname="com.TekArch.TestCases.TekArchloginTest"/>
  <system-out/>
</testsuite> <!-- com.TekArch.TestCases.TekArchloginTest -->
