<?xml version="1.0" encoding="UTF-8"?>
<!-- Generated by org.testng.reporters.JUnitReportReporter -->
<testsuite skipped="0" hostname="LAPTOP-EMIQ8BEQ" name="com.TekArch.TestCases.TekArchCalculatorTest" tests="1" failures="0" timestamp="2020-10-19T17:06:22 PDT" time="5.798" errors="0">
  <testcase name="TekArchCalculator" time="5.798" classname="com.TekArch.TestCases.TekArchCalculatorTest"/>
  <system-out/>
</testsuite> <!-- com.TekArch.TestCases.TekArchCalculatorTest -->
